<?xml version="1.0" encoding="UTF-8"?>
<!-- Generated by org.testng.reporters.JUnitReportReporter -->
<testsuite hostname="DESKTOP-405QJ5I" failures="0" tests="2" name="testcases.AuthorPageTest" time="24.422" errors="0" timestamp="2023-07-11T02:43:03 BDT" skipped="0">
  <testcase classname="testcases.AuthorPageTest" name="authorPage" time="13.616"/>
  <system-out/>
  <testcase classname="testcases.AuthorPageTest" name="clickNext" time="10.806"/>
  <system-out/>
</testsuite> <!-- testcases.AuthorPageTest -->
