<?xml version="1.0" encoding="UTF-8"?>
<!-- Generated by org.testng.reporters.JUnitReportReporter -->
<testsuite hostname="DESKTOP-405QJ5I" failures="0" tests="1" name="testcases.HomePageTest" time="11.785" errors="0" timestamp="2023-07-11T02:43:03 BDT" skipped="0">
  <testcase classname="testcases.HomePageTest" name="testAuthor" time="11.785"/>
  <system-out/>
</testsuite> <!-- testcases.HomePageTest -->
